[2026-02-12 14:03:44] [INFO] 초기화 완료. 시작 잔고=1000.00 USDT, 마지막 캔들 시간=2026-02-12 14:03:00
[2026-02-12 14:04:14] [INFO] 새로운 캔들 확인: 2026-02-12 14:04:00, 가격=67984.10, RSI=49.28
[2026-02-12 14:04:14] [INFO] 현재 Equity=1000.0000 USDT, 잔고=1000.0000 USDT, MDD=0.00%, 포지션=NONE
[2026-02-12 14:05:14] [INFO] 새로운 캔들 확인: 2026-02-12 14:05:00, 가격=67924.30, RSI=46.56
[2026-02-12 14:05:14] [INFO] 현재 Equity=1000.0000 USDT, 잔고=1000.0000 USDT, MDD=0.00%, 포지션=NONE
[2026-02-12 14:06:14] [INFO] 새로운 캔들 확인: 2026-02-12 14:06:00, 가격=67971.30, RSI=47.32
[2026-02-12 14:06:14] [INFO] 현재 Equity=1000.0000 USDT, 잔고=1000.0000 USDT, MDD=0.00%, 포지션=NONE
[2026-02-12 14:07:14] [INFO] 새로운 캔들 확인: 2026-02-12 14:07:00, 가격=67870.60, RSI=39.57
[2026-02-12 14:07:14] [INFO] 현재 Equity=1000.0000 USDT, 잔고=1000.0000 USDT, MDD=0.00%, 포지션=NONE
[2026-02-12 14:08:14] [INFO] 새로운 캔들 확인: 2026-02-12 14:08:00, 가격=67828.90, RSI=38.84
[2026-02-12 14:08:14] [INFO] 현재 Equity=1000.0000 USDT, 잔고=1000.0000 USDT, MDD=0.00%, 포지션=NONE
[2026-02-12 14:09:14] [INFO] 새로운 캔들 확인: 2026-02-12 14:09:00, 가격=67869.90, RSI=37.73
[2026-02-12 14:09:14] [INFO] 현재 Equity=1000.0000 USDT, 잔고=1000.0000 USDT, MDD=0.00%, 포지션=NONE
[2026-02-12 14:10:14] [INFO] 새로운 캔들 확인: 2026-02-12 14:10:00, 가격=67985.90, RSI=43.02
[2026-02-12 14:10:14] [INFO] 현재 Equity=1000.0000 USDT, 잔고=1000.0000 USDT, MDD=0.00%, 포지션=NONE
[2026-02-12 14:11:14] [INFO] 새로운 캔들 확인: 2026-02-12 14:11:00, 가격=68055.60, RSI=39.94
[2026-02-12 14:11:14] [INFO] 현재 Equity=1000.0000 USDT, 잔고=1000.0000 USDT, MDD=0.00%, 포지션=NONE
[2026-02-12 14:12:15] [INFO] 새로운 캔들 확인: 2026-02-12 14:12:00, 가격=67989.10, RSI=31.30
[2026-02-12 14:12:15] [INFO] 현재 Equity=1000.0000 USDT, 잔고=1000.0000 USDT, MDD=0.00%, 포지션=NONE
[2026-02-12 14:13:15] [INFO] 새로운 캔들 확인: 2026-02-12 14:13:00, 가격=68016.80, RSI=31.24
[2026-02-12 14:13:15] [INFO] 현재 Equity=1000.0000 USDT, 잔고=1000.0000 USDT, MDD=0.00%, 포지션=NONE
[2026-02-12 14:14:15] [INFO] 새로운 캔들 확인: 2026-02-12 14:14:00, 가격=68010.70, RSI=36.50
[2026-02-12 14:14:15] [INFO] 현재 Equity=1000.0000 USDT, 잔고=1000.0000 USDT, MDD=0.00%, 포지션=NONE
[2026-02-12 14:15:11] [INFO] 초기화 완료. 시작 잔고=1000.00 USDT, 마지막 캔들 시간=2026-02-12 14:15:00
[2026-02-12 14:16:11] [INFO] 새로운 캔들 확인: 2026-02-12 14:16:00, 가격=67911.10, RSI=43.94
[2026-02-12 14:16:11] [INFO] 현재 Equity=1000.0000 USDT, 잔고=1000.0000 USDT, MDD=0.00%, 포지션=NONE
[2026-02-12 14:17:11] [INFO] 새로운 캔들 확인: 2026-02-12 14:17:00, 가격=67956.90, RSI=47.37
[2026-02-12 14:17:11] [INFO] 현재 Equity=1000.0000 USDT, 잔고=1000.0000 USDT, MDD=0.00%, 포지션=NONE
[2026-02-12 14:18:11] [INFO] 새로운 캔들 확인: 2026-02-12 14:18:00, 가격=67902.60, RSI=43.72
[2026-02-12 14:18:11] [INFO] 현재 Equity=1000.0000 USDT, 잔고=1000.0000 USDT, MDD=0.00%, 포지션=NONE
[2026-02-12 14:19:12] [INFO] 새로운 캔들 확인: 2026-02-12 14:19:00, 가격=67937.60, RSI=46.46
[2026-02-12 14:19:12] [INFO] 현재 Equity=1000.0000 USDT, 잔고=1000.0000 USDT, MDD=0.00%, 포지션=NONE
[2026-02-12 14:20:12] [INFO] 새로운 캔들 확인: 2026-02-12 14:20:00, 가격=67922.50, RSI=45.26
[2026-02-12 14:20:12] [INFO] 현재 Equity=1000.0000 USDT, 잔고=1000.0000 USDT, MDD=0.00%, 포지션=NONE
[2026-02-12 14:21:12] [INFO] 새로운 캔들 확인: 2026-02-12 14:21:00, 가격=67962.30, RSI=48.77
[2026-02-12 14:21:12] [INFO] 현재 Equity=1000.0000 USDT, 잔고=1000.0000 USDT, MDD=0.00%, 포지션=NONE
[2026-02-12 14:22:12] [INFO] 새로운 캔들 확인: 2026-02-12 14:22:00, 가격=68046.90, RSI=55.45
[2026-02-12 14:22:12] [INFO] 현재 Equity=1000.0000 USDT, 잔고=1000.0000 USDT, MDD=0.00%, 포지션=NONE
[2026-02-12 14:23:12] [INFO] 새로운 캔들 확인: 2026-02-12 14:23:00, 가격=68012.50, RSI=52.97
[2026-02-12 14:23:12] [INFO] 현재 Equity=1000.0000 USDT, 잔고=1000.0000 USDT, MDD=0.00%, 포지션=NONE
[2026-02-12 14:24:12] [INFO] 새로운 캔들 확인: 2026-02-12 14:24:00, 가격=67889.30, RSI=43.02
[2026-02-12 14:24:12] [INFO] 현재 Equity=1000.0000 USDT, 잔고=1000.0000 USDT, MDD=0.00%, 포지션=NONE
[2026-02-12 14:25:12] [INFO] 새로운 캔들 확인: 2026-02-12 14:25:00, 가격=67913.70, RSI=44.81
[2026-02-12 14:25:12] [INFO] 현재 Equity=1000.0000 USDT, 잔고=1000.0000 USDT, MDD=0.00%, 포지션=NONE
[2026-02-12 14:26:12] [INFO] 새로운 캔들 확인: 2026-02-12 14:26:00, 가격=67913.70, RSI=45.10
[2026-02-12 14:26:12] [INFO] 현재 Equity=1000.0000 USDT, 잔고=1000.0000 USDT, MDD=0.00%, 포지션=NONE
[2026-02-12 14:27:12] [INFO] 새로운 캔들 확인: 2026-02-12 14:27:00, 가격=67878.10, RSI=42.26
[2026-02-12 14:27:12] [INFO] 현재 Equity=1000.0000 USDT, 잔고=1000.0000 USDT, MDD=0.00%, 포지션=NONE
[2026-02-12 14:28:12] [INFO] 새로운 캔들 확인: 2026-02-12 14:28:00, 가격=67927.10, RSI=46.78
[2026-02-12 14:28:12] [INFO] 현재 Equity=1000.0000 USDT, 잔고=1000.0000 USDT, MDD=0.00%, 포지션=NONE
[2026-02-12 14:29:12] [INFO] 새로운 캔들 확인: 2026-02-12 14:29:00, 가격=67969.40, RSI=51.03
[2026-02-12 14:29:12] [INFO] 현재 Equity=1000.0000 USDT, 잔고=1000.0000 USDT, MDD=0.00%, 포지션=NONE
[2026-02-12 14:30:13] [INFO] 새로운 캔들 확인: 2026-02-12 14:30:00, 가격=67903.80, RSI=44.80
[2026-02-12 14:30:13] [INFO] 현재 Equity=1000.0000 USDT, 잔고=1000.0000 USDT, MDD=0.00%, 포지션=NONE
[2026-02-12 14:31:13] [INFO] 새로운 캔들 확인: 2026-02-12 14:31:00, 가격=67873.40, RSI=42.14
[2026-02-12 14:31:13] [INFO] 현재 Equity=1000.0000 USDT, 잔고=1000.0000 USDT, MDD=0.00%, 포지션=NONE
[2026-02-12 14:32:13] [INFO] 새로운 캔들 확인: 2026-02-12 14:32:00, 가격=68146.00, RSI=65.16
[2026-02-12 14:32:13] [INFO] 현재 Equity=1000.0000 USDT, 잔고=1000.0000 USDT, MDD=0.00%, 포지션=NONE
[2026-02-12 14:33:13] [INFO] 새로운 캔들 확인: 2026-02-12 14:33:00, 가격=68163.30, RSI=63.70
[2026-02-12 14:33:13] [INFO] 현재 Equity=1000.0000 USDT, 잔고=1000.0000 USDT, MDD=0.00%, 포지션=NONE
[2026-02-12 14:34:13] [INFO] 새로운 캔들 확인: 2026-02-12 14:34:00, 가격=68170.70, RSI=63.58
[2026-02-12 14:34:13] [INFO] 현재 Equity=1000.0000 USDT, 잔고=1000.0000 USDT, MDD=0.00%, 포지션=NONE
[2026-02-12 14:35:13] [INFO] 새로운 캔들 확인: 2026-02-12 14:35:00, 가격=68121.60, RSI=58.97
[2026-02-12 14:35:13] [INFO] 현재 Equity=1000.0000 USDT, 잔고=1000.0000 USDT, MDD=0.00%, 포지션=NONE
[2026-02-12 14:36:13] [INFO] 새로운 캔들 확인: 2026-02-12 14:36:00, 가격=67889.10, RSI=42.91
[2026-02-12 14:36:13] [INFO] 현재 Equity=1000.0000 USDT, 잔고=1000.0000 USDT, MDD=0.00%, 포지션=NONE
[2026-02-12 14:37:13] [INFO] 새로운 캔들 확인: 2026-02-12 14:37:00, 가격=67773.50, RSI=37.72
[2026-02-12 14:37:13] [INFO] 현재 Equity=1000.0000 USDT, 잔고=1000.0000 USDT, MDD=0.00%, 포지션=NONE
[2026-02-12 14:38:13] [INFO] 새로운 캔들 확인: 2026-02-12 14:38:00, 가격=67841.10, RSI=42.43
[2026-02-12 14:38:13] [INFO] 현재 Equity=1000.0000 USDT, 잔고=1000.0000 USDT, MDD=0.00%, 포지션=NONE
[2026-02-12 14:39:13] [INFO] 새로운 캔들 확인: 2026-02-12 14:39:00, 가격=67815.00, RSI=41.12
[2026-02-12 14:39:13] [INFO] 현재 Equity=1000.0000 USDT, 잔고=1000.0000 USDT, MDD=0.00%, 포지션=NONE
[2026-02-12 14:40:13] [INFO] 새로운 캔들 확인: 2026-02-12 14:40:00, 가격=67835.20, RSI=42.12
[2026-02-12 14:40:13] [INFO] 현재 Equity=1000.0000 USDT, 잔고=1000.0000 USDT, MDD=0.00%, 포지션=NONE
[2026-02-12 14:41:14] [INFO] 새로운 캔들 확인: 2026-02-12 14:41:00, 가격=67904.50, RSI=46.91
[2026-02-12 14:41:14] [INFO] 현재 Equity=1000.0000 USDT, 잔고=1000.0000 USDT, MDD=0.00%, 포지션=NONE
[2026-02-12 14:42:14] [INFO] 새로운 캔들 확인: 2026-02-12 14:42:00, 가격=67828.10, RSI=42.33
[2026-02-12 14:42:14] [INFO] 현재 Equity=1000.0000 USDT, 잔고=1000.0000 USDT, MDD=0.00%, 포지션=NONE
[2026-02-12 14:43:14] [INFO] 새로운 캔들 확인: 2026-02-12 14:43:00, 가격=67709.90, RSI=36.67
[2026-02-12 14:43:14] [INFO] 현재 Equity=1000.0000 USDT, 잔고=1000.0000 USDT, MDD=0.00%, 포지션=NONE
[2026-02-12 14:44:14] [INFO] 새로운 캔들 확인: 2026-02-12 14:44:00, 가격=67728.70, RSI=37.54
[2026-02-12 14:44:14] [INFO] 현재 Equity=1000.0000 USDT, 잔고=1000.0000 USDT, MDD=0.00%, 포지션=NONE
[2026-02-12 14:45:14] [INFO] 새로운 캔들 확인: 2026-02-12 14:45:00, 가격=67637.30, RSI=35.54
[2026-02-12 14:45:14] [INFO] 현재 Equity=1000.0000 USDT, 잔고=1000.0000 USDT, MDD=0.00%, 포지션=NONE
[2026-02-12 14:46:14] [INFO] 새로운 캔들 확인: 2026-02-12 14:46:00, 가격=67498.50, RSI=28.69
[2026-02-12 14:46:14] [INFO] LONG 진입: 가격=67498.50, RSI=28.69, 사용자금=99.9600 USDT, 수량=0.001481 BTC
[2026-02-12 14:46:14] [INFO] 현재 Equity=1000.0000 USDT, 잔고=1000.0000 USDT, MDD=0.00%, 포지션=LONG
[2026-02-12 14:47:14] [INFO] 새로운 캔들 확인: 2026-02-12 14:47:00, 가격=67613.80, RSI=36.73
[2026-02-12 14:47:14] [INFO] 현재 Equity=1000.8541 USDT, 잔고=1000.0000 USDT, MDD=0.00%, 포지션=LONG
[2026-02-12 14:48:14] [INFO] 새로운 캔들 확인: 2026-02-12 14:48:00, 가격=67687.40, RSI=42.14
[2026-02-12 14:48:14] [INFO] 현재 Equity=1001.3993 USDT, 잔고=1000.0000 USDT, MDD=0.00%, 포지션=LONG
[2026-02-12 14:49:14] [INFO] 새로운 캔들 확인: 2026-02-12 14:49:00, 가격=67617.40, RSI=39.46
[2026-02-12 14:49:14] [INFO] 현재 Equity=1000.8808 USDT, 잔고=1000.0000 USDT, MDD=0.05%, 포지션=LONG
[2026-02-12 14:50:14] [INFO] 새로운 캔들 확인: 2026-02-12 14:50:00, 가격=67613.50, RSI=39.52
[2026-02-12 14:50:14] [INFO] 현재 Equity=1000.8519 USDT, 잔고=1000.0000 USDT, MDD=0.05%, 포지션=LONG
[2026-02-12 14:51:14] [INFO] 새로운 캔들 확인: 2026-02-12 14:51:00, 가격=67803.40, RSI=49.87
[2026-02-12 14:51:14] [INFO] 현재 Equity=1002.2586 USDT, 잔고=1000.0000 USDT, MDD=0.05%, 포지션=LONG
[2026-02-12 14:52:15] [INFO] 새로운 캔들 확인: 2026-02-12 14:52:00, 가격=67684.20, RSI=44.39
[2026-02-12 14:52:15] [INFO] 현재 Equity=1001.3756 USDT, 잔고=1000.0000 USDT, MDD=0.09%, 포지션=LONG
[2026-02-12 14:53:15] [INFO] 새로운 캔들 확인: 2026-02-12 14:53:00, 가격=67830.00, RSI=51.65
[2026-02-12 14:53:15] [INFO] 현재 Equity=1002.4556 USDT, 잔고=1000.0000 USDT, MDD=0.09%, 포지션=LONG
[2026-02-12 14:54:15] [INFO] 새로운 캔들 확인: 2026-02-12 14:54:00, 가격=67875.60, RSI=53.62
[2026-02-12 14:54:15] [INFO] 현재 Equity=1002.7934 USDT, 잔고=1000.0000 USDT, MDD=0.09%, 포지션=LONG
[2026-02-12 14:55:15] [INFO] 새로운 캔들 확인: 2026-02-12 14:55:00, 가격=67929.20, RSI=55.61
[2026-02-12 14:55:15] [INFO] 현재 Equity=1003.1904 USDT, 잔고=1000.0000 USDT, MDD=0.09%, 포지션=LONG
[2026-02-12 14:56:15] [INFO] 새로운 캔들 확인: 2026-02-12 14:56:00, 가격=67835.50, RSI=50.98
[2026-02-12 14:56:15] [INFO] 현재 Equity=1002.4964 USDT, 잔고=1000.0000 USDT, MDD=0.09%, 포지션=LONG
[2026-02-12 14:57:15] [INFO] 새로운 캔들 확인: 2026-02-12 14:57:00, 가격=67737.00, RSI=46.49
[2026-02-12 14:57:15] [INFO] 현재 Equity=1001.7667 USDT, 잔고=1000.0000 USDT, MDD=0.14%, 포지션=LONG
[2026-02-12 14:58:15] [INFO] 새로운 캔들 확인: 2026-02-12 14:58:00, 가격=67690.00, RSI=44.48
[2026-02-12 14:58:15] [INFO] 현재 Equity=1001.4186 USDT, 잔고=1000.0000 USDT, MDD=0.18%, 포지션=LONG
[2026-02-12 14:59:15] [INFO] 새로운 캔들 확인: 2026-02-12 14:59:00, 가격=67683.00, RSI=44.10
[2026-02-12 14:59:15] [INFO] 현재 Equity=1001.3667 USDT, 잔고=1000.0000 USDT, MDD=0.18%, 포지션=LONG
[2026-02-12 15:00:15] [INFO] 새로운 캔들 확인: 2026-02-12 15:00:00, 가격=67586.40, RSI=40.96
[2026-02-12 15:00:15] [INFO] 현재 Equity=1000.6511 USDT, 잔고=1000.0000 USDT, MDD=0.25%, 포지션=LONG
[2026-02-12 15:01:15] [INFO] 새로운 캔들 확인: 2026-02-12 15:01:00, 가격=67615.00, RSI=42.63
[2026-02-12 15:01:15] [INFO] 현재 Equity=1000.8630 USDT, 잔고=1000.0000 USDT, MDD=0.25%, 포지션=LONG
[2026-02-12 15:02:15] [INFO] 새로운 캔들 확인: 2026-02-12 15:02:00, 가격=67745.60, RSI=49.22
[2026-02-12 15:02:15] [INFO] 현재 Equity=1001.8304 USDT, 잔고=1000.0000 USDT, MDD=0.25%, 포지션=LONG
[2026-02-12 15:03:16] [INFO] 새로운 캔들 확인: 2026-02-12 15:03:00, 가격=67555.00, RSI=41.59
[2026-02-12 15:03:16] [INFO] 현재 Equity=1000.4185 USDT, 잔고=1000.0000 USDT, MDD=0.28%, 포지션=LONG
[2026-02-12 15:04:16] [INFO] 새로운 캔들 확인: 2026-02-12 15:04:00, 가격=67533.70, RSI=40.98
[2026-02-12 15:04:16] [INFO] 현재 Equity=1000.2607 USDT, 잔고=1000.0000 USDT, MDD=0.29%, 포지션=LONG
[2026-02-12 15:05:16] [INFO] 새로운 캔들 확인: 2026-02-12 15:05:00, 가격=67314.60, RSI=35.41
[2026-02-12 15:05:16] [INFO] 현재 Equity=998.6377 USDT, 잔고=1000.0000 USDT, MDD=0.45%, 포지션=LONG
[2026-02-12 15:06:16] [INFO] 새로운 캔들 확인: 2026-02-12 15:06:00, 가격=67207.10, RSI=31.54
[2026-02-12 15:06:16] [INFO] 현재 Equity=997.8414 USDT, 잔고=1000.0000 USDT, MDD=0.53%, 포지션=LONG
[2026-02-12 15:07:16] [INFO] 새로운 캔들 확인: 2026-02-12 15:07:00, 가격=67221.70, RSI=33.34
[2026-02-12 15:07:16] [INFO] 현재 Equity=997.9496 USDT, 잔고=1000.0000 USDT, MDD=0.53%, 포지션=LONG
[2026-02-12 15:08:16] [INFO] 새로운 캔들 확인: 2026-02-12 15:08:00, 가격=67310.80, RSI=36.86
[2026-02-12 15:08:16] [INFO] 현재 Equity=998.6096 USDT, 잔고=1000.0000 USDT, MDD=0.53%, 포지션=LONG
[2026-02-12 15:09:16] [INFO] 새로운 캔들 확인: 2026-02-12 15:09:00, 가격=67101.90, RSI=30.13
[2026-02-12 15:09:16] [INFO] 현재 Equity=997.0622 USDT, 잔고=1000.0000 USDT, MDD=0.61%, 포지션=LONG
[2026-02-12 15:10:16] [INFO] 새로운 캔들 확인: 2026-02-12 15:10:00, 가격=67049.40, RSI=29.74
[2026-02-12 15:10:16] [INFO] 현재 Equity=996.6733 USDT, 잔고=1000.0000 USDT, MDD=0.65%, 포지션=LONG
[2026-02-12 15:11:16] [INFO] 새로운 캔들 확인: 2026-02-12 15:11:00, 가격=67135.80, RSI=33.63
[2026-02-12 15:11:16] [INFO] 현재 Equity=997.3133 USDT, 잔고=1000.0000 USDT, MDD=0.65%, 포지션=LONG
[2026-02-12 15:12:16] [INFO] 새로운 캔들 확인: 2026-02-12 15:12:00, 가격=67290.70, RSI=40.69
[2026-02-12 15:12:16] [INFO] 현재 Equity=998.4607 USDT, 잔고=1000.0000 USDT, MDD=0.65%, 포지션=LONG
[2026-02-12 15:13:16] [INFO] 새로운 캔들 확인: 2026-02-12 15:13:00, 가격=67345.00, RSI=43.54
[2026-02-12 15:13:16] [INFO] 현재 Equity=998.8629 USDT, 잔고=1000.0000 USDT, MDD=0.65%, 포지션=LONG
[2026-02-12 15:14:16] [INFO] 새로운 캔들 확인: 2026-02-12 15:14:00, 가격=67408.20, RSI=46.90
[2026-02-12 15:14:16] [INFO] 현재 Equity=999.3311 USDT, 잔고=1000.0000 USDT, MDD=0.65%, 포지션=LONG
[2026-02-12 15:15:17] [INFO] 새로운 캔들 확인: 2026-02-12 15:15:00, 가격=67447.50, RSI=49.00
[2026-02-12 15:15:17] [INFO] 현재 Equity=999.6222 USDT, 잔고=1000.0000 USDT, MDD=0.65%, 포지션=LONG
[2026-02-12 15:16:17] [INFO] 새로운 캔들 확인: 2026-02-12 15:16:00, 가격=67450.00, RSI=49.36
[2026-02-12 15:16:17] [INFO] 현재 Equity=999.6407 USDT, 잔고=1000.0000 USDT, MDD=0.65%, 포지션=LONG
[2026-02-12 15:17:17] [INFO] 새로운 캔들 확인: 2026-02-12 15:17:00, 가격=67583.00, RSI=55.18
[2026-02-12 15:17:17] [INFO] 현재 Equity=1000.6259 USDT, 잔고=1000.0000 USDT, MDD=0.65%, 포지션=LONG
[2026-02-12 15:18:17] [INFO] 새로운 캔들 확인: 2026-02-12 15:18:00, 가격=67584.30, RSI=55.00
[2026-02-12 15:18:17] [INFO] 현재 Equity=1000.6356 USDT, 잔고=1000.0000 USDT, MDD=0.65%, 포지션=LONG
[2026-02-12 15:19:17] [INFO] 새로운 캔들 확인: 2026-02-12 15:19:00, 가격=67552.60, RSI=53.55
[2026-02-12 15:19:17] [INFO] 현재 Equity=1000.4007 USDT, 잔고=1000.0000 USDT, MDD=0.65%, 포지션=LONG
[2026-02-12 15:20:17] [INFO] 새로운 캔들 확인: 2026-02-12 15:20:00, 가격=67506.40, RSI=51.39
[2026-02-12 15:20:17] [INFO] 현재 Equity=1000.0585 USDT, 잔고=1000.0000 USDT, MDD=0.65%, 포지션=LONG
[2026-02-12 15:21:17] [INFO] 새로운 캔들 확인: 2026-02-12 15:21:00, 가격=67593.50, RSI=54.94
[2026-02-12 15:21:17] [INFO] 현재 Equity=1000.7037 USDT, 잔고=1000.0000 USDT, MDD=0.65%, 포지션=LONG
[2026-02-12 15:22:17] [INFO] 새로운 캔들 확인: 2026-02-12 15:22:00, 가격=67564.80, RSI=53.36
[2026-02-12 15:22:17] [INFO] 현재 Equity=1000.4911 USDT, 잔고=1000.0000 USDT, MDD=0.65%, 포지션=LONG
[2026-02-12 15:23:17] [INFO] 새로운 캔들 확인: 2026-02-12 15:23:00, 가격=67768.00, RSI=59.38
[2026-02-12 15:23:17] [INFO] 현재 Equity=1001.9963 USDT, 잔고=1000.0000 USDT, MDD=0.65%, 포지션=LONG
[2026-02-12 15:24:17] [INFO] 새로운 캔들 확인: 2026-02-12 15:24:00, 가격=67814.50, RSI=60.91
[2026-02-12 15:24:17] [INFO] 현재 Equity=1002.3408 USDT, 잔고=1000.0000 USDT, MDD=0.65%, 포지션=LONG
[2026-02-12 15:25:17] [INFO] 새로운 캔들 확인: 2026-02-12 15:25:00, 가격=67770.00, RSI=59.27
[2026-02-12 15:25:17] [INFO] 현재 Equity=1002.0112 USDT, 잔고=1000.0000 USDT, MDD=0.65%, 포지션=LONG
[2026-02-12 15:26:18] [INFO] 새로운 캔들 확인: 2026-02-12 15:26:00, 가격=67741.80, RSI=57.88
[2026-02-12 15:26:18] [INFO] 현재 Equity=1001.8023 USDT, 잔고=1000.0000 USDT, MDD=0.65%, 포지션=LONG
[2026-02-12 15:27:18] [INFO] 새로운 캔들 확인: 2026-02-12 15:27:00, 가격=67765.40, RSI=58.79
[2026-02-12 15:27:18] [INFO] 현재 Equity=1001.9771 USDT, 잔고=1000.0000 USDT, MDD=0.65%, 포지션=LONG
[2026-02-12 15:28:18] [INFO] 새로운 캔들 확인: 2026-02-12 15:28:00, 가격=67676.40, RSI=54.48
[2026-02-12 15:28:18] [INFO] 현재 Equity=1001.3178 USDT, 잔고=1000.0000 USDT, MDD=0.65%, 포지션=LONG
